{
  "RSpec": {
    "coverage": {
      "/home/adm1n/Dev/edu-Ruby/lesson_11_12_13_14_15/fun_translations/lib/fun_translations.rb": {
        "lines": [
          null,
          null,
          1,
          1,
          1,
          null,
          1,
          1,
          null,
          1,
          1,
          5,
          null,
          null
        ]
      },
      "/home/adm1n/Dev/edu-Ruby/lesson_11_12_13_14_15/fun_translations/lib/fun_translations/client.rb": {
        "lines": [
          null,
          null,
          1,
          1,
          1,
          null,
          1,
          null,
          1,
          5,
          null,
          null,
          null,
          1,
          3,
          null,
          null,
          null,
          null,
          null,
          null,
          null,
          null,
          null
        ]
      },
      "/home/adm1n/Dev/edu-Ruby/lesson_11_12_13_14_15/fun_translations/lib/fun_translations/request.rb": {
        "lines": [
          null,
          null,
          1,
          1,
          1,
          null,
          1,
          null,
          null,
          3,
          null,
          null,
          null,
          null,
          1,
          null,
          1,
          3,
          0,
          null,
          3,
          null,
          3,
          3,
          null,
          null,
          1,
          0,
          null,
          0,
          null,
          null,
          null
        ]
      },
      "/home/adm1n/Dev/edu-Ruby/lesson_11_12_13_14_15/fun_translations/lib/fun_translations/connection.rb": {
        "lines": [
          null,
          null,
          1,
          1,
          1,
          null,
          1,
          3,
          3,
          3,
          null,
          null,
          null,
          1,
          null,
          1,
          3,
          null,
          null,
          null,
          null,
          null,
          3,
          null,
          null,
          3,
          null,
          null,
          null,
          null,
          null
        ]
      },
      "/home/adm1n/Dev/edu-Ruby/lesson_11_12_13_14_15/fun_translations/lib/fun_translations/translation.rb": {
        "lines": [
          null,
          null,
          1,
          1,
          1,
          null,
          1,
          3,
          1,
          1,
          1,
          null,
          2,
          null,
          3,
          3,
          null,
          null,
          null
        ]
      }
    },
    "timestamp": 1769571729
  }
}
